[23:34:37.290][info] [#0:/home/buidai289/.local/share/nvim/mason/packages/lua-language-server/libexec/main.lua:66]: Lua Lsp startup, root: 	/home/buidai289/.local/share/nvim/mason/packages/lua-language-server/libexec
[23:34:37.290][info] [#0:/home/buidai289/.local/share/nvim/mason/packages/lua-language-server/libexec/main.lua:67]: ROOT:	/home/buidai289/.local/share/nvim/mason/packages/lua-language-server/libexec
[23:34:37.290][info] [#0:/home/buidai289/.local/share/nvim/mason/packages/lua-language-server/libexec/main.lua:68]: LOGPATH:	/home/buidai289/.local/share/nvim/mason/packages/lua-language-server/libexec/log
[23:34:37.290][info] [#0:/home/buidai289/.local/share/nvim/mason/packages/lua-language-server/libexec/main.lua:69]: METAPATH:	/home/buidai289/.local/share/nvim/mason/packages/lua-language-server/libexec/meta
[23:34:37.290][info] [#0:/home/buidai289/.local/share/nvim/mason/packages/lua-language-server/libexec/main.lua:70]: VERSION:	3.7.4
[23:34:37.308][info] [#0:script/service/service.lua:144]: 
========= Medical Examination Report =========
    --------------- Memory ---------------
        Total: 1.345 MB
        # 00 : 1.345 MB
        # 01 : 0.000 MB
        # 02 : 0.000 MB
        # 03 : 0.000 MB
        # 04 : 0.000 MB
    --------------- Coroutine ---------------
        Total:     0
        Running:   0
        Suspended: 0
        Normal:    0
        Dead:      0
    --------------- Cache ---------------
        Total: 1
        Dead:  0
    ---------------  RPC  ---------------
        Holdon:   0
        Waiting:  0
==============================================
[23:34:37.310][info] [#0:script/client.lua:657]: Client init	{
  capabilities = {
    textDocument = {
      callHierarchy = {
        dynamicRegistration = false
      },
      codeAction = {
        codeActionLiteralSupport = {
          codeActionKind = {
            valueSet = { "", "quickfix", "refactor", "refactor.extract", "refactor.inline", "refactor.rewrite", "source", "source.organizeImports" }
          }
        },
        dataSupport = true,
        dynamicRegistration = false,
        isPreferredSupport = true,
        resolveSupport = {
          properties = { "edit" }
        }
      },
      completion = {
        completionItem = {
          commitCharactersSupport = true,
          deprecatedSupport = true,
          documentationFormat = { "markdown", "plaintext" },
          insertReplaceSupport = true,
          insertTextModeSupport = {
            valueSet = { 1, 2 }
          },
          labelDetailsSupport = true,
          preselectSupport = true,
          resolveSupport = {
            properties = { "documentation", "detail", "additionalTextEdits", "sortText", "filterText", "insertText", "textEdit", "insertTextFormat", "insertTextMode" }
          },
          snippetSupport = true,
          tagSupport = {
            valueSet = { 1 }
          }
        },
        completionItemKind = {
          valueSet = { 1, 2, 3, 4, 5, 6, 7, 8, 9, 10, 11, 12, 13, 14, 15, 16, 17, 18, 19, 20, 21, 22, 23, 24, 25 }
        },
        completionList = {
          itemDefaults = { "commitCharacters", "editRange", "insertTextFormat", "insertTextMode", "data" }
        },
        contextSupport = true,
        dynamicRegistration = false,
        insertTextMode = 1
      },
      declaration = {
        linkSupport = true
      },
      definition = {
        linkSupport = true
      },
      documentHighlight = {
        dynamicRegistration = false
      },
      documentSymbol = {
        dynamicRegistration = false,
        hierarchicalDocumentSymbolSupport = true,
        symbolKind = {
          valueSet = { 1, 2, 3, 4, 5, 6, 7, 8, 9, 10, 11, 12, 13, 14, 15, 16, 17, 18, 19, 20, 21, 22, 23, 24, 25, 26 }
        }
      },
      hover = {
        contentFormat = { "markdown", "plaintext" },
        dynamicRegistration = false
      },
      implementation = {
        linkSupport = true
      },
      publishDiagnostics = {
        relatedInformation = true,
        tagSupport = {
          valueSet = { 1, 2 }
        }
      },
      references = {
        dynamicRegistration = false
      },
      rename = {
        dynamicRegistration = false,
        prepareSupport = true
      },
      semanticTokens = {
        augmentsSyntaxTokens = true,
        dynamicRegistration = false,
        formats = { "relative" },
        multilineTokenSupport = false,
        overlappingTokenSupport = true,
        requests = {
          full = {
            delta = true
          },
          range = false
        },
        serverCancelSupport = false,
        tokenModifiers = { "declaration", "definition", "readonly", "static", "deprecated", "abstract", "async", "modification", "documentation", "defaultLibrary" },
        tokenTypes = { "namespace", "type", "class", "enum", "interface", "struct", "typeParameter", "parameter", "variable", "property", "enumMember", "event", "function", "method", "macro", "keyword", "modifier", "comment", "string", "number", "regexp", "operator", "decorator" }
      },
      signatureHelp = {
        dynamicRegistration = false,
        signatureInformation = {
          activeParameterSupport = true,
          documentationFormat = { "markdown", "plaintext" },
          parameterInformation = {
            labelOffsetSupport = true
          }
        }
      },
      synchronization = {
        didSave = true,
        dynamicRegistration = false,
        willSave = true,
        willSaveWaitUntil = true
      },
      typeDefinition = {
        linkSupport = true
      }
    },
    window = {
      showDocument = {
        support = true
      },
      showMessage = {
        messageActionItem = {
          additionalPropertiesSupport = false
        }
      },
      workDoneProgress = true
    },
    workspace = {
      applyEdit = true,
      configuration = true,
      didChangeWatchedFiles = {
        dynamicRegistration = false,
        relativePatternSupport = true
      },
      semanticTokens = {
        refreshSupport = true
      },
      symbol = {
        dynamicRegistration = false,
        hierarchicalWorkspaceSymbolSupport = true,
        symbolKind = {
          valueSet = { 1, 2, 3, 4, 5, 6, 7, 8, 9, 10, 11, 12, 13, 14, 15, 16, 17, 18, 19, 20, 21, 22, 23, 24, 25, 26 }
        }
      },
      workspaceEdit = {
        resourceOperations = { "rename", "create", "delete" }
      },
      workspaceFolders = true
    }
  },
  clientInfo = {
    name = "Neovim",
    version = "0.9.5"
  },
  initializationOptions = {},
  processId = 36122,
  rootPath = "/home/buidai289/.config/nvim",
  rootUri = "file:///home/buidai289/.config/nvim",
  trace = "off",
  workspaceFolders = { {
      name = "/home/buidai289/.config/nvim",
      uri = "file:///home/buidai289/.config/nvim"
    } }
}
[23:34:37.310][info] [#0:script/language.lua:137]: VSC language: nil
[23:34:37.310][info] [#0:script/language.lua:138]: LS  language: en-us
[23:34:37.310][info] [#0:script/workspace/workspace.lua:38]: Workspace init root: 	file:///home/buidai289/.config/nvim
[23:34:37.310][info] [#0:script/workspace/workspace.lua:42]: Log path: 	/home/buidai289/.local/share/nvim/mason/packages/lua-language-server/libexec/log/file_home_buidai289_.config_nvim.log
[23:34:37.311][info] [#0:script/workspace/workspace.lua:48]: Workspace create: 	file:///home/buidai289/.config/nvim
[23:34:37.312][info] [#0:script/provider/provider.lua:46]: Load config from client	file:///home/buidai289/.config/nvim
[23:34:37.312][info] [#0:script/provider/provider.lua:47]: {
  Lua = {
    diagnostics = {
      globals = { "vim" }
    }
  }
}
[23:34:37.312][info] [#0:script/provider/provider.lua:46]: Load config from client	file:///home/buidai289/.config/nvim
[23:34:37.312][info] [#0:script/provider/provider.lua:47]: {
  Lua = {
    diagnostics = {
      globals = { "vim" }
    }
  }
}
[23:34:37.412][info] [#0:script/provider/provider.lua:61]: Load config from client	fallback
[23:34:37.413][info] [#0:script/provider/provider.lua:62]: {
  Lua = {
    diagnostics = {
      globals = { "vim" }
    }
  }
}
[23:34:37.413][info] [#0:script/provider/provider.lua:61]: Load config from client	fallback
[23:34:37.413][info] [#0:script/provider/provider.lua:62]: {
  Lua = {
    diagnostics = {
      globals = { "vim" }
    }
  }
}
[23:34:37.513][info] [#0:script/library.lua:212]: Init builtin library at:	file:///home/buidai289/.config/nvim
[23:34:37.548][info] [#0:script/plugin.lua:86]: plugin path:	/home/buidai289/.config/nvim
[23:34:37.548][warn] [#0:script/plugin.lua:101]: plugin not found:	/home/buidai289/.config/nvim
[23:34:37.548][info] [#0:script/library.lua:212]: Init builtin library at:	nil
[23:34:37.654][info] [#0:script/workspace/workspace.lua:324]: Preload start:	file:///home/buidai289/.config/nvim
[23:34:37.657][info] [#0:script/workspace/workspace.lua:330]: Scan files at:	file:///home/buidai289/.config/nvim
[23:34:37.658][info] [#0:script/workspace/workspace.lua:324]: Preload start:	<fallback>
[23:34:37.662][info] [#0:script/workspace/workspace.lua:353]: Scan library at:	file:///home/buidai289/.local/share/nvim/mason/packages/lua-language-server/libexec/meta/Lua%205.4%20en-us%20utf8/basic.lua
[23:34:37.662][info] [#0:script/workspace/workspace.lua:353]: Scan library at:	file:///home/buidai289/.local/share/nvim/mason/packages/lua-language-server/libexec/meta/Lua%205.4%20en-us%20utf8/io.lua
[23:34:37.662][info] [#0:script/workspace/workspace.lua:353]: Scan library at:	file:///home/buidai289/.local/share/nvim/mason/packages/lua-language-server/libexec/meta/Lua%205.4%20en-us%20utf8/utf8.lua
[23:34:37.663][info] [#0:script/workspace/workspace.lua:353]: Scan library at:	file:///home/buidai289/.local/share/nvim/mason/packages/lua-language-server/libexec/meta/Lua%205.4%20en-us%20utf8/string.lua
[23:34:37.663][info] [#0:script/workspace/workspace.lua:353]: Scan library at:	file:///home/buidai289/.local/share/nvim/mason/packages/lua-language-server/libexec/meta/Lua%205.4%20en-us%20utf8/math.lua
[23:34:37.663][info] [#0:script/workspace/workspace.lua:353]: Scan library at:	file:///home/buidai289/.local/share/nvim/mason/packages/lua-language-server/libexec/meta/Lua%205.4%20en-us%20utf8/os.lua
[23:34:37.663][info] [#0:script/workspace/workspace.lua:353]: Scan library at:	file:///home/buidai289/.local/share/nvim/mason/packages/lua-language-server/libexec/meta/Lua%205.4%20en-us%20utf8/table.lua
[23:34:37.664][info] [#0:script/workspace/workspace.lua:353]: Scan library at:	file:///home/buidai289/.local/share/nvim/mason/packages/lua-language-server/libexec/meta/Lua%205.4%20en-us%20utf8/package.lua
[23:34:37.664][info] [#0:script/workspace/workspace.lua:353]: Scan library at:	file:///home/buidai289/.local/share/nvim/mason/packages/lua-language-server/libexec/meta/Lua%205.4%20en-us%20utf8/coroutine.lua
[23:34:37.664][info] [#0:script/workspace/workspace.lua:353]: Scan library at:	file:///home/buidai289/.local/share/nvim/mason/packages/lua-language-server/libexec/meta/Lua%205.4%20en-us%20utf8/builtin.lua
[23:34:37.664][info] [#0:script/workspace/workspace.lua:353]: Scan library at:	file:///home/buidai289/.local/share/nvim/mason/packages/lua-language-server/libexec/meta/Lua%205.4%20en-us%20utf8/debug.lua
[23:34:37.665][info] [#0:script/workspace/workspace.lua:353]: Scan library at:	file:///home/buidai289/.local/share/nvim/mason/packages/lua-language-server/libexec/meta/Lua%205.4%20en-us%20utf8/basic.lua
[23:34:37.665][info] [#0:script/workspace/workspace.lua:353]: Scan library at:	file:///home/buidai289/.local/share/nvim/mason/packages/lua-language-server/libexec/meta/Lua%205.4%20en-us%20utf8/io.lua
[23:34:37.665][info] [#0:script/workspace/workspace.lua:353]: Scan library at:	file:///home/buidai289/.local/share/nvim/mason/packages/lua-language-server/libexec/meta/Lua%205.4%20en-us%20utf8/utf8.lua
[23:34:37.665][info] [#0:script/workspace/workspace.lua:353]: Scan library at:	file:///home/buidai289/.local/share/nvim/mason/packages/lua-language-server/libexec/meta/Lua%205.4%20en-us%20utf8/string.lua
[23:34:37.665][info] [#0:script/workspace/workspace.lua:353]: Scan library at:	file:///home/buidai289/.local/share/nvim/mason/packages/lua-language-server/libexec/meta/Lua%205.4%20en-us%20utf8/math.lua
[23:34:37.665][info] [#0:script/workspace/workspace.lua:353]: Scan library at:	file:///home/buidai289/.local/share/nvim/mason/packages/lua-language-server/libexec/meta/Lua%205.4%20en-us%20utf8/os.lua
[23:34:37.666][info] [#0:script/workspace/workspace.lua:353]: Scan library at:	file:///home/buidai289/.local/share/nvim/mason/packages/lua-language-server/libexec/meta/Lua%205.4%20en-us%20utf8/table.lua
[23:34:37.666][info] [#0:script/workspace/workspace.lua:353]: Scan library at:	file:///home/buidai289/.local/share/nvim/mason/packages/lua-language-server/libexec/meta/Lua%205.4%20en-us%20utf8/package.lua
[23:34:37.666][info] [#0:script/workspace/workspace.lua:353]: Scan library at:	file:///home/buidai289/.local/share/nvim/mason/packages/lua-language-server/libexec/meta/Lua%205.4%20en-us%20utf8/coroutine.lua
[23:34:37.666][info] [#0:script/workspace/workspace.lua:353]: Scan library at:	file:///home/buidai289/.local/share/nvim/mason/packages/lua-language-server/libexec/meta/Lua%205.4%20en-us%20utf8/builtin.lua
[23:34:37.666][info] [#0:script/workspace/workspace.lua:353]: Scan library at:	file:///home/buidai289/.local/share/nvim/mason/packages/lua-language-server/libexec/meta/Lua%205.4%20en-us%20utf8/debug.lua
[23:34:37.767][info] [#0:script/workspace/workspace.lua:379]: Found 11 files at:	<fallback>
[23:34:37.767][info] [#0:script/workspace/loading.lua:161]: Load files from disk:	<fallback>
[23:34:37.767][info] [#0:script/workspace/workspace.lua:379]: Found 24 files at:	file:///home/buidai289/.config/nvim
[23:34:37.767][info] [#0:script/workspace/loading.lua:161]: Load files from disk:	file:///home/buidai289/.config/nvim
[23:34:37.768][info] [#0:script/workspace/loading.lua:89]: Skip loaded file: file:///home/buidai289/.config/nvim/lua/config.lua
[23:34:37.868][info] [#0:script/workspace/loading.lua:101]: Preload file at: file:///home/buidai289/.local/share/nvim/mason/packages/lua-language-server/libexec/meta/Lua%205.4%20en-us%20utf8/debug.lua , size = 7.637 KB
[23:34:37.884][info] [#0:script/workspace/loading.lua:113]: ++++As library of:	file:///home/buidai289/.local/share/nvim/mason/packages/lua-language-server/libexec/meta/Lua%205.4%20en-us%20utf8/debug.lua
[23:34:37.884][info] [#0:script/workspace/loading.lua:98]: Skip loaded file: file:///home/buidai289/.local/share/nvim/mason/packages/lua-language-server/libexec/meta/Lua%205.4%20en-us%20utf8/debug.lua
[23:34:37.884][info] [#0:script/workspace/loading.lua:101]: Preload file at: file:///home/buidai289/.local/share/nvim/mason/packages/lua-language-server/libexec/meta/Lua%205.4%20en-us%20utf8/builtin.lua , size = 0.302 KB
[23:34:37.885][info] [#0:script/workspace/loading.lua:113]: ++++As library of:	file:///home/buidai289/.local/share/nvim/mason/packages/lua-language-server/libexec/meta/Lua%205.4%20en-us%20utf8/builtin.lua
[23:34:37.885][info] [#0:script/workspace/loading.lua:98]: Skip loaded file: file:///home/buidai289/.local/share/nvim/mason/packages/lua-language-server/libexec/meta/Lua%205.4%20en-us%20utf8/builtin.lua
[23:34:37.885][info] [#0:script/workspace/loading.lua:101]: Preload file at: file:///home/buidai289/.local/share/nvim/mason/packages/lua-language-server/libexec/meta/Lua%205.4%20en-us%20utf8/coroutine.lua , size = 2.590 KB
[23:34:37.887][info] [#0:script/workspace/loading.lua:113]: ++++As library of:	file:///home/buidai289/.local/share/nvim/mason/packages/lua-language-server/libexec/meta/Lua%205.4%20en-us%20utf8/coroutine.lua
[23:34:37.887][info] [#0:script/workspace/loading.lua:98]: Skip loaded file: file:///home/buidai289/.local/share/nvim/mason/packages/lua-language-server/libexec/meta/Lua%205.4%20en-us%20utf8/coroutine.lua
[23:34:37.887][info] [#0:script/workspace/loading.lua:101]: Preload file at: file:///home/buidai289/.local/share/nvim/mason/packages/lua-language-server/libexec/meta/Lua%205.4%20en-us%20utf8/package.lua , size = 2.944 KB
[23:34:37.889][info] [#0:script/workspace/loading.lua:113]: ++++As library of:	file:///home/buidai289/.local/share/nvim/mason/packages/lua-language-server/libexec/meta/Lua%205.4%20en-us%20utf8/package.lua
[23:34:37.889][info] [#0:script/workspace/loading.lua:98]: Skip loaded file: file:///home/buidai289/.local/share/nvim/mason/packages/lua-language-server/libexec/meta/Lua%205.4%20en-us%20utf8/package.lua
[23:34:37.889][info] [#0:script/workspace/loading.lua:101]: Preload file at: file:///home/buidai289/.local/share/nvim/mason/packages/lua-language-server/libexec/meta/Lua%205.4%20en-us%20utf8/table.lua , size = 4.230 KB
[23:34:37.892][info] [#0:script/workspace/loading.lua:113]: ++++As library of:	file:///home/buidai289/.local/share/nvim/mason/packages/lua-language-server/libexec/meta/Lua%205.4%20en-us%20utf8/table.lua
[23:34:37.892][info] [#0:script/workspace/loading.lua:98]: Skip loaded file: file:///home/buidai289/.local/share/nvim/mason/packages/lua-language-server/libexec/meta/Lua%205.4%20en-us%20utf8/table.lua
[23:34:37.892][info] [#0:script/workspace/loading.lua:101]: Preload file at: file:///home/buidai289/.local/share/nvim/mason/packages/lua-language-server/libexec/meta/Lua%205.4%20en-us%20utf8/os.lua , size = 5.600 KB
[23:34:37.894][info] [#0:script/workspace/loading.lua:113]: ++++As library of:	file:///home/buidai289/.local/share/nvim/mason/packages/lua-language-server/libexec/meta/Lua%205.4%20en-us%20utf8/os.lua
[23:34:37.894][info] [#0:script/workspace/loading.lua:98]: Skip loaded file: file:///home/buidai289/.local/share/nvim/mason/packages/lua-language-server/libexec/meta/Lua%205.4%20en-us%20utf8/os.lua
[23:34:37.894][info] [#0:script/workspace/loading.lua:101]: Preload file at: file:///home/buidai289/.local/share/nvim/mason/packages/lua-language-server/libexec/meta/Lua%205.4%20en-us%20utf8/math.lua , size = 8.509 KB
[23:34:37.899][info] [#0:script/workspace/loading.lua:113]: ++++As library of:	file:///home/buidai289/.local/share/nvim/mason/packages/lua-language-server/libexec/meta/Lua%205.4%20en-us%20utf8/math.lua
[23:34:37.899][info] [#0:script/workspace/loading.lua:98]: Skip loaded file: file:///home/buidai289/.local/share/nvim/mason/packages/lua-language-server/libexec/meta/Lua%205.4%20en-us%20utf8/math.lua
[23:34:37.899][info] [#0:script/workspace/loading.lua:101]: Preload file at: file:///home/buidai289/.local/share/nvim/mason/packages/lua-language-server/libexec/meta/Lua%205.4%20en-us%20utf8/string.lua , size = 6.341 KB
[23:34:37.901][info] [#0:script/workspace/loading.lua:113]: ++++As library of:	file:///home/buidai289/.local/share/nvim/mason/packages/lua-language-server/libexec/meta/Lua%205.4%20en-us%20utf8/string.lua
[23:34:37.901][info] [#0:script/workspace/loading.lua:98]: Skip loaded file: file:///home/buidai289/.local/share/nvim/mason/packages/lua-language-server/libexec/meta/Lua%205.4%20en-us%20utf8/string.lua
[23:34:37.901][info] [#0:script/workspace/loading.lua:101]: Preload file at: file:///home/buidai289/.local/share/nvim/mason/packages/lua-language-server/libexec/meta/Lua%205.4%20en-us%20utf8/utf8.lua , size = 2.386 KB
[23:34:37.902][info] [#0:script/workspace/loading.lua:113]: ++++As library of:	file:///home/buidai289/.local/share/nvim/mason/packages/lua-language-server/libexec/meta/Lua%205.4%20en-us%20utf8/utf8.lua
[23:34:37.902][info] [#0:script/workspace/loading.lua:98]: Skip loaded file: file:///home/buidai289/.local/share/nvim/mason/packages/lua-language-server/libexec/meta/Lua%205.4%20en-us%20utf8/utf8.lua
[23:34:37.902][info] [#0:script/workspace/loading.lua:101]: Preload file at: file:///home/buidai289/.local/share/nvim/mason/packages/lua-language-server/libexec/meta/Lua%205.4%20en-us%20utf8/io.lua , size = 6.364 KB
[23:34:37.904][info] [#0:script/workspace/loading.lua:113]: ++++As library of:	file:///home/buidai289/.local/share/nvim/mason/packages/lua-language-server/libexec/meta/Lua%205.4%20en-us%20utf8/io.lua
[23:34:37.904][info] [#0:script/workspace/loading.lua:98]: Skip loaded file: file:///home/buidai289/.local/share/nvim/mason/packages/lua-language-server/libexec/meta/Lua%205.4%20en-us%20utf8/io.lua
[23:34:37.904][info] [#0:script/workspace/loading.lua:101]: Preload file at: file:///home/buidai289/.local/share/nvim/mason/packages/lua-language-server/libexec/meta/Lua%205.4%20en-us%20utf8/basic.lua , size = 15.377 KB
[23:34:37.911][info] [#0:script/workspace/loading.lua:113]: ++++As library of:	file:///home/buidai289/.local/share/nvim/mason/packages/lua-language-server/libexec/meta/Lua%205.4%20en-us%20utf8/basic.lua
[23:34:37.911][info] [#0:script/workspace/loading.lua:101]: Preload file at: file:///home/buidai289/.config/nvim/init.lua , size = 0.072 KB
[23:34:37.911][info] [#0:script/workspace/loading.lua:98]: Skip loaded file: file:///home/buidai289/.local/share/nvim/mason/packages/lua-language-server/libexec/meta/Lua%205.4%20en-us%20utf8/basic.lua
[23:34:37.911][info] [#0:script/workspace/loading.lua:101]: Preload file at: file:///home/buidai289/.config/nvim/lua/keymaps.lua , size = 0.396 KB
[23:34:37.911][info] [#0:script/workspace/loading.lua:101]: Preload file at: file:///home/buidai289/.config/nvim/lua/plugins/treesitter.lua , size = 0.540 KB
[23:34:37.911][info] [#0:script/workspace/loading.lua:101]: Preload file at: file:///home/buidai289/.config/nvim/lua/plugins/telescope.lua , size = 0.119 KB
[23:34:37.912][info] [#0:script/workspace/loading.lua:101]: Preload file at: file:///home/buidai289/.config/nvim/lua/plugins/gruvbox.lua , size = 0.098 KB
[23:34:37.912][info] [#0:script/workspace/loading.lua:101]: Preload file at: file:///home/buidai289/.config/nvim/lua/plugins/lualine.lua , size = 0.365 KB
[23:34:37.912][info] [#0:script/workspace/loading.lua:101]: Preload file at: file:///home/buidai289/.config/nvim/lua/plugins/rainbow-delimiters.lua , size = 0.776 KB
[23:34:37.912][info] [#0:script/workspace/loading.lua:101]: Preload file at: file:///home/buidai289/.config/nvim/lua/plugins/indent-blankline.lua , size = 0.092 KB
[23:34:37.912][info] [#0:script/workspace/loading.lua:101]: Preload file at: file:///home/buidai289/.config/nvim/lua/plugins/lsp.lua , size = 0.488 KB
[23:34:37.912][info] [#0:script/workspace/loading.lua:101]: Preload file at: file:///home/buidai289/.config/nvim/lua/plugins/autopairs.lua , size = 0.105 KB
[23:34:37.913][info] [#0:script/workspace/loading.lua:101]: Preload file at: file:///home/buidai289/.config/nvim/lua/setup.lua , size = 0.319 KB
[23:34:37.913][info] [#0:script/workspace/loading.lua:101]: Preload file at: file:///home/buidai289/.config/nvim/lua/options.lua , size = 0.504 KB
[23:34:38.014][info] [#0:script/workspace/loading.lua:173]: Loaded files takes [0.053] sec: <fallback>
[23:34:38.014][info] [#0:script/workspace/loading.lua:182]: Compile files takes [0.000] sec: <fallback>
[23:34:38.014][info] [#0:script/workspace/loading.lua:183]: Loaded finish:	<fallback>
[23:34:38.014][info] [#0:script/workspace/workspace.lua:381]: Preload finish at:	<fallback>
[23:34:38.019][info] [#0:script/workspace/loading.lua:173]: Loaded files takes [0.058] sec: file:///home/buidai289/.config/nvim
[23:34:38.019][info] [#0:script/workspace/loading.lua:182]: Compile files takes [0.000] sec: file:///home/buidai289/.config/nvim
[23:34:38.019][info] [#0:script/workspace/loading.lua:183]: Loaded finish:	file:///home/buidai289/.config/nvim
[23:34:38.019][info] [#0:script/workspace/workspace.lua:381]: Preload finish at:	file:///home/buidai289/.config/nvim
[23:34:38.031][info] [#0:script/provider/diagnostic.lua:557]: Diagnostics scope [file:///home/buidai289/.config/nvim], files count:[24]
[23:34:38.060][info] [#0:script/provider/diagnostic.lua:574]: Diagnostics scope [file:///home/buidai289/.config/nvim] finished, takes [0.029] sec.
[23:38:19.163][info] [#0:script/provider/diagnostic.lua:171]: clearDiagnostics	file:///home/buidai289/.config/nvim/lua/config.lua
[23:38:24.446][info] [#0:script/workspace/workspace.lua:284]: Scan files at:	file:///home/buidai289/.config/nvim/lua/config.lua
[23:38:24.447][info] [#0:script/workspace/loading.lua:161]: Load files from disk:	file:///home/buidai289/.config/nvim/lua/config.lua
[23:38:24.447][info] [#0:script/workspace/loading.lua:89]: Skip loaded file: file:///home/buidai289/.config/nvim/lua/config.lua
[23:38:24.447][info] [#0:script/workspace/loading.lua:173]: Loaded files takes [0.000] sec: file:///home/buidai289/.config/nvim/lua/config.lua
[23:38:24.447][info] [#0:script/workspace/loading.lua:182]: Compile files takes [0.000] sec: file:///home/buidai289/.config/nvim/lua/config.lua
[23:38:24.447][info] [#0:script/workspace/loading.lua:183]: Loaded finish:	file:///home/buidai289/.config/nvim/lua/config.lua
[23:38:26.551][info] [#0:script/provider/diagnostic.lua:557]: Diagnostics scope [file:///home/buidai289/.config/nvim], files count:[24]
[23:38:26.571][info] [#0:script/provider/diagnostic.lua:574]: Diagnostics scope [file:///home/buidai289/.config/nvim] finished, takes [0.020] sec.
[23:44:37.315][info] [#0:script/service/service.lua:144]: 
========= Medical Examination Report =========
    --------------- Memory ---------------
        Total: 7.361 MB
        # 00 : 7.041 MB
        # 01 : 0.107 MB
        # 02 : 0.053 MB
        # 03 : 0.053 MB
        # 04 : 0.108 MB
    --------------- Coroutine ---------------
        Total:     1
        Running:   0
        Suspended: 0
        Normal:    0
        Dead:      1
    --------------- Cache ---------------
        Total: 1
        Dead:  0
    ---------------  RPC  ---------------
        Holdon:   0
        Waiting:  0
==============================================
[23:46:50.739][info] [#0:script/provider/provider.lua:169]: Server shutdown.
[23:46:50.839][info] [#0:script/provider/provider.lua:162]: Server exited.
